0 info it worked if it ends with ok
1 verbose cli [ '/Users/box/Lab/local/bin/node',
1 verbose cli   '/Users/box/Lab/local/bin/npm',
1 verbose cli   'link' ]
2 info using npm@2.0.0
3 info using node@v0.11.14
4 verbose linkPkg /Users/box/Lab/github/stackq
5 verbose stack TypeError: Cannot use 'in' operator to search for 'dependencies' in #<error>
5 verbose stack     at Object.<anonymous> (/Users/box/Lab/local/lib/node_modules/npm/node_modules/normalize-package-data/lib/fixer.js:127:21)
5 verbose stack     at Array.forEach (native)
5 verbose stack     at Object.module.exports.fixDependencies (/Users/box/Lab/local/lib/node_modules/npm/node_modules/normalize-package-data/lib/fixer.js:126:41)
5 verbose stack     at /Users/box/Lab/local/lib/node_modules/npm/node_modules/normalize-package-data/lib/normalize.js:30:38
5 verbose stack     at Array.forEach (native)
5 verbose stack     at normalize (/Users/box/Lab/local/lib/node_modules/npm/node_modules/normalize-package-data/lib/normalize.js:29:15)
5 verbose stack     at final (/Users/box/Lab/local/lib/node_modules/npm/node_modules/read-package-json/read-json.js:342:33)
5 verbose stack     at then (/Users/box/Lab/local/lib/node_modules/npm/node_modules/read-package-json/read-json.js:126:33)
5 verbose stack     at /Users/box/Lab/local/lib/node_modules/npm/node_modules/read-package-json/read-json.js:331:40
5 verbose stack     at evalmachine.<anonymous>:295:14
6 verbose cwd /Users/box/Lab/github/stackq
7 error Darwin 13.4.0
8 error argv "/Users/box/Lab/local/bin/node" "/Users/box/Lab/local/bin/npm" "link"
9 error node v0.11.14
10 error npm  v2.0.0
11 error Cannot use 'in' operator to search for 'dependencies' in #<error>
12 error If you need help, you may report this error at:
12 error     <http://github.com/npm/npm/issues>
13 verbose exit [ 1, true ]
